# JRE version: Java(TM) SE Runtime Environment (8.0_191-b12) (build 1.8.0_191-b12)
# Java VM: Java HotSpot(TM) 64-Bit Server VM (25.191-b12 mixed mode linux-amd64 compressed oops)
Heap:
 PSYoungGen      total 168448K, used 127191K [0x00000000d8f00000, 0x00000000e5200000, 0x0000000100000000)
  eden space 145408K, 71% used [0x00000000d8f00000,0x00000000df530470,0x00000000e1d00000)
  from space 23040K, 97% used [0x00000000e2200000,0x00000000e3805a88,0x00000000e3880000)
  to   space 26112K, 0% used [0x00000000e3880000,0x00000000e3880000,0x00000000e5200000)
 ParOldGen       total 114176K, used 42816K [0x000000008ac00000, 0x0000000091b80000, 0x00000000d8f00000)
  object space 114176K, 37% used [0x000000008ac00000,0x000000008d5d0240,0x0000000091b80000)
 Metaspace       used 36537K, capacity 37902K, committed 38016K, reserved 1083392K
  class space    used 4457K, capacity 4673K, committed 4736K, reserved 1048576K
GC Heap History (10 events):
Event: 18.538 GC heap before
{Heap before GC invocations=7 (full 1):
 PSYoungGen      total 66048K, used 62368K [0x00000000d8f00000, 0x00000000e1e80000, 0x0000000100000000)
  eden space 61440K, 100% used [0x00000000d8f00000,0x00000000dcb00000,0x00000000dcb00000)
  from space 4608K, 20% used [0x00000000dcb00000,0x00000000dcbe8000,0x00000000dcf80000)
  to   space 22016K, 0% used [0x00000000e0900000,0x00000000e0900000,0x00000000e1e80000)
 ParOldGen       total 86528K, used 31143K [0x000000008ac00000, 0x0000000090080000, 0x00000000d8f00000)
  object space 86528K, 35% used [0x000000008ac00000,0x000000008ca69df8,0x0000000090080000)
 Metaspace       used 23093K, capacity 24168K, committed 24448K, reserved 1071104K
  class space    used 2715K, capacity 2882K, committed 2944K, reserved 1048576K
Event: 18.560 GC heap after
Heap after GC invocations=7 (full 1):
 PSYoungGen      total 118784K, used 3435K [0x00000000d8f00000, 0x00000000e1b00000, 0x0000000100000000)
  eden space 100352K, 0% used [0x00000000d8f00000,0x00000000d8f00000,0x00000000df100000)
  from space 18432K, 18% used [0x00000000e0900000,0x00000000e0c5af20,0x00000000e1b00000)
  to   space 21504K, 0% used [0x00000000df100000,0x00000000df100000,0x00000000e0600000)
 ParOldGen       total 86528K, used 31151K [0x000000008ac00000, 0x0000000090080000, 0x00000000d8f00000)
  object space 86528K, 36% used [0x000000008ac00000,0x000000008ca6bdf8,0x0000000090080000)
 Metaspace       used 23093K, capacity 24168K, committed 24448K, reserved 1071104K
  class space    used 2715K, capacity 2882K, committed 2944K, reserved 1048576K
}
Event: 65.821 GC heap before
{Heap before GC invocations=8 (full 1):
 PSYoungGen      total 118784K, used 103787K [0x00000000d8f00000, 0x00000000e1b00000, 0x0000000100000000)
  eden space 100352K, 100% used [0x00000000d8f00000,0x00000000df100000,0x00000000df100000)
  from space 18432K, 18% used [0x00000000e0900000,0x00000000e0c5af20,0x00000000e1b00000)
  to   space 21504K, 0% used [0x00000000df100000,0x00000000df100000,0x00000000e0600000)
 ParOldGen       total 86528K, used 31151K [0x000000008ac00000, 0x0000000090080000, 0x00000000d8f00000)
  object space 86528K, 36% used [0x000000008ac00000,0x000000008ca6bdf8,0x0000000090080000)
 Metaspace       used 32653K, capacity 33842K, committed 34304K, reserved 1079296K
  class space    used 4057K, capacity 4271K, committed 4352K, reserved 1048576K
Event: 65.865 GC heap after
Heap after GC invocations=8 (full 1):
 PSYoungGen      total 121856K, used 16064K [0x00000000d8f00000, 0x00000000e5600000, 0x0000000100000000)
  eden space 100352K, 0% used [0x00000000d8f00000,0x00000000d8f00000,0x00000000df100000)
  from space 21504K, 74% used [0x00000000df100000,0x00000000e00b00c0,0x00000000e0600000)
  to   space 23552K, 0% used [0x00000000e3f00000,0x00000000e3f00000,0x00000000e5600000)
 ParOldGen       total 86528K, used 31223K [0x000000008ac00000, 0x0000000090080000, 0x00000000d8f00000)
  object space 86528K, 36% used [0x000000008ac00000,0x000000008ca7de08,0x0000000090080000)
 Metaspace       used 32653K, capacity 33842K, committed 34304K, reserved 1079296K
  class space    used 4057K, capacity 4271K, committed 4352K, reserved 1048576K
}
Event: 85.626 GC heap before
{Heap before GC invocations=9 (full 1):
 PSYoungGen      total 121856K, used 46867K [0x00000000d8f00000, 0x00000000e5600000, 0x0000000100000000)
  eden space 100352K, 30% used [0x00000000d8f00000,0x00000000dad14ec0,0x00000000df100000)
  from space 21504K, 74% used [0x00000000df100000,0x00000000e00b00c0,0x00000000e0600000)
  to   space 23552K, 0% used [0x00000000e3f00000,0x00000000e3f00000,0x00000000e5600000)
 ParOldGen       total 86528K, used 31223K [0x000000008ac00000, 0x0000000090080000, 0x00000000d8f00000)
  object space 86528K, 36% used [0x000000008ac00000,0x000000008ca7de08,0x0000000090080000)
 Metaspace       used 34066K, capacity 35302K, committed 35496K, reserved 1081344K
  class space    used 4207K, capacity 4449K, committed 4480K, reserved 1048576K
Event: 85.650 GC heap after
Heap after GC invocations=9 (full 1):
 PSYoungGen      total 167936K, used 13727K [0x00000000d8f00000, 0x00000000e5000000, 0x0000000100000000)
  eden space 150528K, 0% used [0x00000000d8f00000,0x00000000d8f00000,0x00000000e2200000)
  from space 17408K, 78% used [0x00000000e3f00000,0x00000000e4c67cd0,0x00000000e5000000)
  to   space 23552K, 0% used [0x00000000e2200000,0x00000000e2200000,0x00000000e3900000)
 ParOldGen       total 86528K, used 31231K [0x000000008ac00000, 0x0000000090080000, 0x00000000d8f00000)
  object space 86528K, 36% used [0x000000008ac00000,0x000000008ca7fe08,0x0000000090080000)
 Metaspace       used 34066K, capacity 35302K, committed 35496K, reserved 1081344K
  class space    used 4207K, capacity 4449K, committed 4480K, reserved 1048576K
}
Event: 85.650 GC heap before
{Heap before GC invocations=10 (full 2):
 PSYoungGen      total 167936K, used 13727K [0x00000000d8f00000, 0x00000000e5000000, 0x0000000100000000)
  eden space 150528K, 0% used [0x00000000d8f00000,0x00000000d8f00000,0x00000000e2200000)
  from space 17408K, 78% used [0x00000000e3f00000,0x00000000e4c67cd0,0x00000000e5000000)
  to   space 23552K, 0% used [0x00000000e2200000,0x00000000e2200000,0x00000000e3900000)
 ParOldGen       total 86528K, used 31231K [0x000000008ac00000, 0x0000000090080000, 0x00000000d8f00000)
  object space 86528K, 36% used [0x000000008ac00000,0x000000008ca7fe08,0x0000000090080000)
 Metaspace       used 34066K, capacity 35302K, committed 35496K, reserved 1081344K
  class space    used 4207K, capacity 4449K, committed 4480K, reserved 1048576K
Event: 85.827 GC heap after
Heap after GC invocations=10 (full 2):
 PSYoungGen      total 167936K, used 0K [0x00000000d8f00000, 0x00000000e5000000, 0x0000000100000000)
  eden space 150528K, 0% used [0x00000000d8f00000,0x00000000d8f00000,0x00000000e2200000)
  from space 17408K, 0% used [0x00000000e3f00000,0x00000000e3f00000,0x00000000e5000000)
  to   space 23552K, 0% used [0x00000000e2200000,0x00000000e2200000,0x00000000e3900000)
 ParOldGen       total 114176K, used 42808K [0x000000008ac00000, 0x0000000091b80000, 0x00000000d8f00000)
  object space 114176K, 37% used [0x000000008ac00000,0x000000008d5ce240,0x0000000091b80000)
 Metaspace       used 34066K, capacity 35302K, committed 35496K, reserved 1081344K
  class space    used 4207K, capacity 4449K, committed 4480K, reserved 1048576K
}
Event: 3272.970 GC heap before
{Heap before GC invocations=11 (full 2):
 PSYoungGen      total 167936K, used 150528K [0x00000000d8f00000, 0x00000000e5000000, 0x0000000100000000)
  eden space 150528K, 100% used [0x00000000d8f00000,0x00000000e2200000,0x00000000e2200000)
  from space 17408K, 0% used [0x00000000e3f00000,0x00000000e3f00000,0x00000000e5000000)
  to   space 23552K, 0% used [0x00000000e2200000,0x00000000e2200000,0x00000000e3900000)
 ParOldGen       total 114176K, used 42808K [0x000000008ac00000, 0x0000000091b80000, 0x00000000d8f00000)
  object space 114176K, 37% used [0x000000008ac00000,0x000000008d5ce240,0x0000000091b80000)
 Metaspace       used 36523K, capacity 37902K, committed 38016K, reserved 1083392K
  class space    used 4457K, capacity 4673K, committed 4736K, reserved 1048576K
Event: 3273.013 GC heap after
Heap after GC invocations=11 (full 2):
 PSYoungGen      total 168448K, used 22550K [0x00000000d8f00000, 0x00000000e5200000, 0x0000000100000000)
  eden space 145408K, 0% used [0x00000000d8f00000,0x00000000d8f00000,0x00000000e1d00000)
  from space 23040K, 97% used [0x00000000e2200000,0x00000000e3805a88,0x00000000e3880000)
  to   space 26112K, 0% used [0x00000000e3880000,0x00000000e3880000,0x00000000e5200000)
 ParOldGen       total 114176K, used 42816K [0x000000008ac00000, 0x0000000091b80000, 0x00000000d8f00000)
  object space 114176K, 37% used [0x000000008ac00000,0x000000008d5d0240,0x0000000091b80000)
 Metaspace       used 36523K, capacity 37902K, committed 38016K, reserved 1083392K
  class space    used 4457K, capacity 4673K, committed 4736K, reserved 1048576K
}

