# JRE version: Java(TM) SE Runtime Environment (8.0_191-b12) (build 1.8.0_191-b12)
# Java VM: Java HotSpot(TM) 64-Bit Server VM (25.191-b12 mixed mode linux-amd64 compressed oops)
Heap:
 PSYoungGen      total 144384K, used 38725K [0x00000000d8f00000, 0x00000000e5d80000, 0x0000000100000000)
  eden space 113664K, 7% used [0x00000000d8f00000,0x00000000d974e920,0x00000000dfe00000)
  from space 30720K, 98% used [0x00000000e3f80000,0x00000000e5d02c60,0x00000000e5d80000)
  to   space 39424K, 0% used [0x00000000e1080000,0x00000000e1080000,0x00000000e3700000)
 ParOldGen       total 129536K, used 52778K [0x000000008ac00000, 0x0000000092a80000, 0x00000000d8f00000)
  object space 129536K, 40% used [0x000000008ac00000,0x000000008df8aac8,0x0000000092a80000)
 Metaspace       used 37562K, capacity 38944K, committed 39168K, reserved 1083392K
  class space    used 4596K, capacity 4805K, committed 4864K, reserved 1048576K
GC Heap History (10 events):
Event: 79.309 GC heap before
{Heap before GC invocations=8 (full 1):
 PSYoungGen      total 91648K, used 82444K [0x00000000d8f00000, 0x00000000e1e80000, 0x0000000100000000)
  eden space 89600K, 89% used [0x00000000d8f00000,0x00000000ddd9d5a8,0x00000000de680000)
  from space 2048K, 94% used [0x00000000e1c80000,0x00000000e1e65d70,0x00000000e1e80000)
  to   space 22528K, 0% used [0x00000000df280000,0x00000000df280000,0x00000000e0880000)
 ParOldGen       total 98304K, used 34553K [0x000000008ac00000, 0x0000000090c00000, 0x00000000d8f00000)
  object space 98304K, 35% used [0x000000008ac00000,0x000000008cdbe6e8,0x0000000090c00000)
 Metaspace       used 34135K, capacity 35292K, committed 35456K, reserved 1081344K
  class space    used 4261K, capacity 4474K, committed 4480K, reserved 1048576K
Event: 79.401 GC heap after
Heap after GC invocations=8 (full 1):
 PSYoungGen      total 124416K, used 15513K [0x00000000d8f00000, 0x00000000e3680000, 0x0000000100000000)
  eden space 101888K, 0% used [0x00000000d8f00000,0x00000000d8f00000,0x00000000df280000)
  from space 22528K, 68% used [0x00000000df280000,0x00000000e01a6460,0x00000000e0880000)
  to   space 23552K, 0% used [0x00000000e1f80000,0x00000000e1f80000,0x00000000e3680000)
 ParOldGen       total 98304K, used 34561K [0x000000008ac00000, 0x0000000090c00000, 0x00000000d8f00000)
  object space 98304K, 35% used [0x000000008ac00000,0x000000008cdc06e8,0x0000000090c00000)
 Metaspace       used 34135K, capacity 35292K, committed 35456K, reserved 1081344K
  class space    used 4261K, capacity 4474K, committed 4480K, reserved 1048576K
}
Event: 79.401 GC heap before
{Heap before GC invocations=9 (full 2):
 PSYoungGen      total 124416K, used 15513K [0x00000000d8f00000, 0x00000000e3680000, 0x0000000100000000)
  eden space 101888K, 0% used [0x00000000d8f00000,0x00000000d8f00000,0x00000000df280000)
  from space 22528K, 68% used [0x00000000df280000,0x00000000e01a6460,0x00000000e0880000)
  to   space 23552K, 0% used [0x00000000e1f80000,0x00000000e1f80000,0x00000000e3680000)
 ParOldGen       total 98304K, used 34561K [0x000000008ac00000, 0x0000000090c00000, 0x00000000d8f00000)
  object space 98304K, 35% used [0x000000008ac00000,0x000000008cdc06e8,0x0000000090c00000)
 Metaspace       used 34135K, capacity 35292K, committed 35456K, reserved 1081344K
  class space    used 4261K, capacity 4474K, committed 4480K, reserved 1048576K
Event: 79.625 GC heap after
Heap after GC invocations=9 (full 2):
 PSYoungGen      total 124416K, used 0K [0x00000000d8f00000, 0x00000000e3680000, 0x0000000100000000)
  eden space 101888K, 0% used [0x00000000d8f00000,0x00000000d8f00000,0x00000000df280000)
  from space 22528K, 0% used [0x00000000df280000,0x00000000df280000,0x00000000e0880000)
  to   space 23552K, 0% used [0x00000000e1f80000,0x00000000e1f80000,0x00000000e3680000)
 ParOldGen       total 129536K, used 45477K [0x000000008ac00000, 0x0000000092a80000, 0x00000000d8f00000)
  object space 129536K, 35% used [0x000000008ac00000,0x000000008d869578,0x0000000092a80000)
 Metaspace       used 34135K, capacity 35292K, committed 35456K, reserved 1081344K
  class space    used 4261K, capacity 4474K, committed 4480K, reserved 1048576K
}
Event: 685.696 GC heap before
{Heap before GC invocations=10 (full 2):
 PSYoungGen      total 124416K, used 101888K [0x00000000d8f00000, 0x00000000e3680000, 0x0000000100000000)
  eden space 101888K, 100% used [0x00000000d8f00000,0x00000000df280000,0x00000000df280000)
  from space 22528K, 0% used [0x00000000df280000,0x00000000df280000,0x00000000e0880000)
  to   space 23552K, 0% used [0x00000000e1f80000,0x00000000e1f80000,0x00000000e3680000)
 ParOldGen       total 129536K, used 45477K [0x000000008ac00000, 0x0000000092a80000, 0x00000000d8f00000)
  object space 129536K, 35% used [0x000000008ac00000,0x000000008d869578,0x0000000092a80000)
 Metaspace       used 36879K, capacity 38244K, committed 38400K, reserved 1083392K
  class space    used 4575K, capacity 4794K, committed 4864K, reserved 1048576K
Event: 685.746 GC heap after
Heap after GC invocations=10 (full 2):
 PSYoungGen      total 140800K, used 23538K [0x00000000d8f00000, 0x00000000e5c00000, 0x0000000100000000)
  eden space 117248K, 0% used [0x00000000d8f00000,0x00000000d8f00000,0x00000000e0180000)
  from space 23552K, 99% used [0x00000000e1f80000,0x00000000e367cbe0,0x00000000e3680000)
  to   space 30720K, 0% used [0x00000000e0180000,0x00000000e0180000,0x00000000e1f80000)
 ParOldGen       total 129536K, used 51813K [0x000000008ac00000, 0x0000000092a80000, 0x00000000d8f00000)
  object space 129536K, 39% used [0x000000008ac00000,0x000000008de99518,0x0000000092a80000)
 Metaspace       used 36879K, capacity 38244K, committed 38400K, reserved 1083392K
  class space    used 4575K, capacity 4794K, committed 4864K, reserved 1048576K
}
Event: 840.966 GC heap before
{Heap before GC invocations=11 (full 2):
 PSYoungGen      total 140800K, used 140786K [0x00000000d8f00000, 0x00000000e5c00000, 0x0000000100000000)
  eden space 117248K, 100% used [0x00000000d8f00000,0x00000000e0180000,0x00000000e0180000)
  from space 23552K, 99% used [0x00000000e1f80000,0x00000000e367cbe0,0x00000000e3680000)
  to   space 30720K, 0% used [0x00000000e0180000,0x00000000e0180000,0x00000000e1f80000)
 ParOldGen       total 129536K, used 52759K [0x000000008ac00000, 0x0000000092a80000, 0x00000000d8f00000)
  object space 129536K, 40% used [0x000000008ac00000,0x000000008df85ef8,0x0000000092a80000)
 Metaspace       used 37470K, capacity 38816K, committed 39168K, reserved 1083392K
  class space    used 4592K, capacity 4805K, committed 4864K, reserved 1048576K
Event: 841.035 GC heap after
Heap after GC invocations=11 (full 2):
 PSYoungGen      total 147968K, used 30225K [0x00000000d8f00000, 0x00000000e6280000, 0x0000000100000000)
  eden space 117248K, 0% used [0x00000000d8f00000,0x00000000d8f00000,0x00000000e0180000)
  from space 30720K, 98% used [0x00000000e0180000,0x00000000e1f04670,0x00000000e1f80000)
  to   space 35840K, 0% used [0x00000000e3f80000,0x00000000e3f80000,0x00000000e6280000)
 ParOldGen       total 129536K, used 52767K [0x000000008ac00000, 0x0000000092a80000, 0x00000000d8f00000)
  object space 129536K, 40% used [0x000000008ac00000,0x000000008df87ef8,0x0000000092a80000)
 Metaspace       used 37470K, capacity 38816K, committed 39168K, reserved 1083392K
  class space    used 4592K, capacity 4805K, committed 4864K, reserved 1048576K
}
Event: 3077.902 GC heap before
{Heap before GC invocations=12 (full 2):
 PSYoungGen      total 147968K, used 147473K [0x00000000d8f00000, 0x00000000e6280000, 0x0000000100000000)
  eden space 117248K, 100% used [0x00000000d8f00000,0x00000000e0180000,0x00000000e0180000)
  from space 30720K, 98% used [0x00000000e0180000,0x00000000e1f04670,0x00000000e1f80000)
  to   space 35840K, 0% used [0x00000000e3f80000,0x00000000e3f80000,0x00000000e6280000)
 ParOldGen       total 129536K, used 52770K [0x000000008ac00000, 0x0000000092a80000, 0x00000000d8f00000)
  object space 129536K, 40% used [0x000000008ac00000,0x000000008df88ac8,0x0000000092a80000)
 Metaspace       used 37562K, capacity 38944K, committed 39168K, reserved 1083392K
  class space    used 4596K, capacity 4805K, committed 4864K, reserved 1048576K
Event: 3077.966 GC heap after
Heap after GC invocations=12 (full 2):
 PSYoungGen      total 144384K, used 30219K [0x00000000d8f00000, 0x00000000e5d80000, 0x0000000100000000)
  eden space 113664K, 0% used [0x00000000d8f00000,0x00000000d8f00000,0x00000000dfe00000)
  from space 30720K, 98% used [0x00000000e3f80000,0x00000000e5d02c60,0x00000000e5d80000)
  to   space 39424K, 0% used [0x00000000e1080000,0x00000000e1080000,0x00000000e3700000)
 ParOldGen       total 129536K, used 52778K [0x000000008ac00000, 0x0000000092a80000, 0x00000000d8f00000)
  object space 129536K, 40% used [0x000000008ac00000,0x000000008df8aac8,0x0000000092a80000)
 Metaspace       used 37562K, capacity 38944K, committed 39168K, reserved 1083392K
  class space    used 4596K, capacity 4805K, committed 4864K, reserved 1048576K
}

